T2614 354:999.893   SEGGER J-Link V7.52a Log File
T2614 354:999.983   DLL Compiled: Jul 28 2021 11:08:12
T2614 354:999.994   Logging started @ 2023-05-06 04:19
T2614 355:000.004 - 355000.010ms
T45CC 355:003.027 JLINK_EMU_GetList(InterfaceMask = 0x00000001, MaxInfos = 0x00000032) 
T45CC 355:003.549   [0]: USB, S/N: 801041338
T45CC 355:003.574 - 0.552ms returns 1
T45CC 355:003.637 JLINK_EMU_GetList(InterfaceMask = 0x00000002, MaxInfos = 0x00000032) 
T45CC 355:049.170 - 45.564ms returns 0
T2614 355:049.242 JLINK_ExecCommand("Device = ATSAMD21G18A", ...). 
T2614 355:049.521   Device "ATSAMD21G18" selected.
T2614 355:049.760 - 0.490ms returns 0x00
T2614 355:063.458 JLINK_TIF_Select(JLINKARM_TIF_SWD)
T2614 355:064.343 - 1.043ms returns 0x00
T2614 355:064.510 JLINK_SetSpeed(4000)
T2614 355:064.744 - 0.247ms
T2614 355:064.774 JLINK_ResetPullsRESET(OFF)
T2614 355:064.792 - 0.026ms
T2614 355:064.814 JLINK_Connect()
T2614 355:065.091   InitTarget() start
T2614 355:065.099    J-Link Script File: Executing InitTarget()
T2614 355:065.112   InitTarget()
T2614 355:067.837   InitTarget() end
T2614 355:068.016   Looking for J-Link GUI Server exe at: D:\microchip studio\7.0\atbackend\JLinkGUIServer.exe
T2614 355:068.059   Looking for J-Link GUI Server exe at: \JLinkGUIServer.exe
T2614 355:369.497   Failed to connect to J-Link GUI Server.
T2614 360:083.856   Found SW-DP with ID 0x0BC11477
T2614 360:086.258   DPIDR: 0x0BC11477
T2614 360:086.279   Scanning AP map to find all available APs
T2614 360:087.021   AP[1]: Stopped AP scan as end of AP map has been reached
T2614 360:087.048   AP[0]: AHB-AP (IDR: 0x04770031)
T2614 360:087.064   Iterating through AP map to find AHB-AP to use
T2614 360:088.071   AP[0]: Core found
T2614 360:088.137   AP[0]: AHB-AP ROM base: 0x41003000
T2614 360:088.671   CPUID register: 0x410CC601. Implementer code: 0x41 (ARM)
T2614 360:088.687   Found Cortex-M0 r0p1, Little endian.
T2614 360:190.063   -- Max. mem block: 0x000013E0
T2614 360:190.259   CPU_ReadMem(4 bytes @ 0xE000EDF0)
T2614 360:190.726   CPU_WriteMem(4 bytes @ 0xE000EDF0)
T2614 360:191.116   CPU_ReadMem(4 bytes @ 0xE0002000)
T2614 360:191.528   FPUnit: 4 code (BP) slots and 0 literal slots
T2614 360:191.535   CPU_ReadMem(4 bytes @ 0xE000EDFC)
T2614 360:191.906   CPU_WriteMem(4 bytes @ 0xE000EDFC)
T2614 360:192.216   CPU_ReadMem(4 bytes @ 0xE0001000)
T2614 360:192.520   CPU_WriteMem(4 bytes @ 0xE0001000)
T2614 360:192.841   CoreSight components:
T2614 360:192.854   ROMTbl[0] @ 41003000
T2614 360:192.859   CPU_ReadMem(64 bytes @ 0x41003000)
T2614 360:193.567   CPU_ReadMem(32 bytes @ 0xE00FFFE0)
T2614 360:194.091   ROMTbl[0][0]: E00FF000, CID: B105100D, PID: 000BB4C0 ROM Table
T2614 360:194.101   ROMTbl[1] @ E00FF000
T2614 360:194.107   CPU_ReadMem(64 bytes @ 0xE00FF000)
T2614 360:194.898   CPU_ReadMem(32 bytes @ 0xE000EFE0)
T2614 360:195.487   ROMTbl[1][0]: E000E000, CID: B105E00D, PID: 000BB008 SCS
T2614 360:195.494   CPU_ReadMem(32 bytes @ 0xE0001FE0)
T2614 360:196.029   ROMTbl[1][1]: E0001000, CID: B105E00D, PID: 000BB00A DWT
T2614 360:196.036   CPU_ReadMem(32 bytes @ 0xE0002FE0)
T2614 360:196.665   ROMTbl[1][2]: E0002000, CID: B105E00D, PID: 000BB00B FPB
T2614 360:196.677   CPU_ReadMem(32 bytes @ 0x41006FE0)
T2614 360:197.352   ROMTbl[0][1]: 41006000, CID: B105900D, PID: 001BB932 MTB-M0+
T2614 360:197.380 - 5132.568ms returns 0x00
T2614 360:197.433 JLINK_ExecCommand("ExcludeFlashCacheRange 0x0 - 0x40000", ...). 
T2614 360:197.441 - 0.004ms returns 0x00
T45CC 360:197.466 JLINK_EMU_GetList(InterfaceMask = 0x00000001, MaxInfos = 0x00000032) 
T45CC 360:198.134   [0]: USB, S/N: 801041338
T45CC 360:198.143 - 0.678ms returns 1
T45CC 360:198.977 JLINK_EMU_GetList(InterfaceMask = 0x00000002, MaxInfos = 0x00000032) 
T45CC 360:244.622 - 45.678ms returns 0
T2614 360:244.681 JLINK_Halt()
T2614 360:248.006 - 3.347ms returns 0x00
T2614 360:249.038 JLINK_JTAG_GetDeviceID(DeviceIndex = 0)
T2614 360:249.046 - 0.010ms returns 0
T2614 360:249.052 JLINK_ReadMemU32(0x41002018, 0x1 Items)
T2614 360:249.091   CPU_ReadMem(4 bytes @ 0x41002018)
T2614 360:249.707   Data:  05 03 01 10
T2614 360:249.725 - 0.674ms returns 1 (0x1)
T4E58 360:260.676 JLINK_IsHalted()
T4E58 360:261.165 - 0.498ms returns TRUE
T4E58 360:261.185 JLINK_GetMOEs(...)
T4E58 360:261.194   CPU_ReadMem(4 bytes @ 0xE000ED30)
T4E58 360:261.554 - 0.372ms returns 0x01
T4E58 360:261.565 JLINK_ReadReg(R15 (PC))
T4E58 360:261.573 - 0.010ms returns 0x0001FBB0
T2614 360:324.044 JLINK_BeginDownload(Flags = 0x00000000)
T2614 360:324.061 - 0.018ms
T2614 360:324.072 JLINK_WriteMem(0x00012000, 0x2C954 Bytes, ...)
T2614 360:324.077   Data:  A8 7C 00 20 C1 DE 02 00 B9 DF 02 00 B9 DF 02 00 ...
T2614 360:324.361   completely In flash
T2614 360:324.542    -- Read from flash cache (182612 bytes @ 0x00012000)
T2614 360:324.569 - 0.499ms returns 0x2C954
T2614 360:324.718 JLINK_WriteMem(0x0003E954, 0x37C Bytes, ...)
T2614 360:324.725   Data:  01 00 96 11 00 FF B1 03 01 2C 2D 00 B2 03 01 2C ...
T2614 360:324.733   completely In flash
T2614 360:324.739    -- Read from flash cache (892 bytes @ 0x0003E954)
T2614 360:324.744 - 0.028ms returns 0x37C
T4E58 360:465.376 JLINK_IsHalted()
T4E58 360:465.432 - 0.058ms returns TRUE
T2614 360:466.192 JLINK_EndDownload()
T2614 360:466.556   CPU_ReadMem(4 bytes @ 0x41006004)
T2614 360:467.006   CPU_ReadMem(4 bytes @ 0xE000ED90)
T2614 360:467.568    -- --------------------------------------
T2614 360:467.583   Flash bank @ 0x00000000: Default: L2 verify disabled because algorithm performs L1 verify
T2614 360:467.588    -- Start of determining dirty areas in flash cache
T2614 360:467.648    -- End of determining dirty areas
T2614 360:467.653    -- Start of preparing flash programming
T2614 360:467.660    -- Calculating RAM usage
T2614 360:467.720    -- RAM usage = 10020 Bytes
T2614 360:467.724    -- Preserving CPU registers
T2614 360:467.739    -- Preparing memory
T2614 360:467.744    -- Preparing target
T2614 360:467.749    -- Preserving target RAM temporarily used for programming
T2614 360:532.366    -- Downloading RAMCode
T2614 360:549.901    -- Preparing RAMCode
T2614 360:555.423    -- Checking target RAM
T2614 360:557.299    -- End of preparing flash programming
T2614 360:574.074    -- CPU speed could not be measured.
T2614 360:574.094    -- Start of comparing flash
T2614 360:574.100    -- CRC check was estimated as fastest method
T2614 360:574.108    -- Comparing range 0x12000 - 0x31FFF (512 Sectors, 128 KiB), using multi-block CRC calculation
T2614 360:670.394    -- CRC does not match for sectors 0-1, 116-127, 129-130, 142, 146, 149-152, 154-161, 163-164, 166-167, 169, 171-172, 210, 226, 230, 237-238, 245-246, 283, 289, 293-297, 300-301, 303, 307-308, 312, 314-315, 321-323, 327-329, 333, 337-338, 340-341, 343-347, 351, 359, 364, 368-369, 389-390, 421, 423-424, 434, 437-441, 444-447, 468-469, 479, 499-500, 507, 509
T2614 360:670.414    -- Comparing range 0x32000 - 0x3ECFF (205 Sectors, 51 KiB), using multi-block CRC calculation
T2614 360:705.102    -- CRC does not match for sectors 8, 13, 26, 28, 34, 38-39, 42, 46, 50, 52, 56-57, 67, 70, 83, 89, 100, 103, 107-108, 110-111, 115, 118, 141-204
T2614 360:705.145    -- Comparing range 0x12200 - 0x193FF (114 Sectors, 28 KiB), using alternative multi-block CRC calculation
T2614 360:728.318    -- All CRCs match
T2614 360:728.349    -- Comparing range 0x1A000 - 0x1A0FF (1 Sector, 256 Bytes), using alternative multi-block CRC calculation
T2614 360:730.121    -- All CRCs match
T2614 360:730.134    -- Comparing range 0x1A300 - 0x1ADFF (11 Sectors, 2 KiB), using alternative multi-block CRC calculation
T2614 360:733.911    -- All CRCs match
T2614 360:733.949    -- Comparing range 0x1AF00 - 0x1B1FF (3 Sectors, 768 Bytes), using alternative multi-block CRC calculation
T2614 360:736.231    -- All CRCs match
T2614 360:736.263    -- Comparing range 0x1B300 - 0x1B4FF (2 Sectors, 512 Bytes), using alternative multi-block CRC calculation
T2614 360:738.385    -- All CRCs match
T2614 360:738.400    -- Comparing range 0x1B900 - 0x1B9FF (1 Sector, 256 Bytes), using alternative multi-block CRC calculation
T2614 360:740.050    -- All CRCs match
T2614 360:740.061    -- Comparing range 0x1C200 - 0x1C2FF (1 Sector, 256 Bytes), using alternative multi-block CRC calculation
T2614 360:741.570    -- All CRCs match
T2614 360:741.578    -- Comparing range 0x1C500 - 0x1C5FF (1 Sector, 256 Bytes), using alternative multi-block CRC calculation
T2614 360:743.158    -- All CRCs match
T2614 360:743.173    -- Comparing range 0x1C800 - 0x1C8FF (1 Sector, 256 Bytes), using alternative multi-block CRC calculation
T2614 360:744.743    -- All CRCs match
T2614 360:744.751    -- Comparing range 0x1CA00 - 0x1CAFF (1 Sector, 256 Bytes), using alternative multi-block CRC calculation
T2614 360:746.308    -- All CRCs match
T2614 360:746.317    -- Comparing range 0x1CD00 - 0x1F1FF (37 Sectors, 9 KiB), using alternative multi-block CRC calculation
T2614 360:755.036    -- All CRCs match
T2614 360:755.064    -- Comparing range 0x1F300 - 0x201FF (15 Sectors, 3 KiB), using alternative multi-block CRC calculation
T2614 360:760.810    -- All CRCs match
T2614 360:760.831    -- Comparing range 0x20300 - 0x205FF (3 Sectors, 768 Bytes), using alternative multi-block CRC calculation
T2614 360:763.389    -- All CRCs match
T2614 360:763.402    -- Comparing range 0x20700 - 0x20CFF (6 Sectors, 1 KiB), using alternative multi-block CRC calculation
T2614 360:766.048    -- All CRCs match
T2614 360:766.063    -- Comparing range 0x20F00 - 0x214FF (6 Sectors, 1 KiB), using alternative multi-block CRC calculation
T2614 360:768.534    -- All CRCs match
T2614 360:768.549    -- Comparing range 0x21700 - 0x23AFF (36 Sectors, 9 KiB), using alternative multi-block CRC calculation
T2614 360:777.034    -- All CRCs match
T2614 360:777.056    -- Comparing range 0x23C00 - 0x240FF (5 Sectors, 1 KiB), using alternative multi-block CRC calculation
T2614 360:779.615    -- All CRCs match
T2614 360:779.631    -- Comparing range 0x24200 - 0x244FF (3 Sectors, 768 Bytes), using alternative multi-block CRC calculation
T2614 360:781.941    -- All CRCs match
T2614 360:781.954    -- Comparing range 0x24A00 - 0x24BFF (2 Sectors, 512 Bytes), using alternative multi-block CRC calculation
T2614 360:783.924    -- All CRCs match
T2614 360:783.937    -- Comparing range 0x24E00 - 0x24EFF (1 Sector, 256 Bytes), using alternative multi-block CRC calculation
T2614 360:785.566    -- All CRCs match
T2614 360:785.582    -- Comparing range 0x25000 - 0x252FF (3 Sectors, 768 Bytes), using alternative multi-block CRC calculation
T2614 360:787.964    -- All CRCs match
T2614 360:787.976    -- Comparing range 0x25500 - 0x257FF (3 Sectors, 768 Bytes), using alternative multi-block CRC calculation
T2614 360:790.169    -- All CRCs match
T2614 360:790.177    -- Comparing range 0x25900 - 0x259FF (1 Sector, 256 Bytes), using alternative multi-block CRC calculation
T2614 360:791.720    -- All CRCs match
T2614 360:791.726    -- Comparing range 0x25C00 - 0x260FF (5 Sectors, 1 KiB), using alternative multi-block CRC calculation
T2614 360:794.232    -- All CRCs match
T2614 360:794.252    -- Comparing range 0x26400 - 0x266FF (3 Sectors, 768 Bytes), using alternative multi-block CRC calculation
T2614 360:796.487    -- All CRCs match
T2614 360:796.497    -- Comparing range 0x26A00 - 0x26CFF (3 Sectors, 768 Bytes), using alternative multi-block CRC calculation
T2614 360:798.624    -- All CRCs match
T2614 360:798.638    -- Comparing range 0x26E00 - 0x270FF (3 Sectors, 768 Bytes), using alternative multi-block CRC calculation
T2614 360:800.887    -- All CRCs match
T2614 360:800.963    -- Comparing range 0x27300 - 0x273FF (1 Sector, 256 Bytes), using alternative multi-block CRC calculation
T2614 360:802.644    -- All CRCs match
T2614 360:802.661    -- Comparing range 0x27600 - 0x276FF (1 Sector, 256 Bytes), using alternative multi-block CRC calculation
T2614 360:804.297    -- All CRCs match
T2614 360:804.314    -- Comparing range 0x27C00 - 0x27EFF (3 Sectors, 768 Bytes), using alternative multi-block CRC calculation
T2614 360:806.522    -- All CRCs match
T2614 360:806.538    -- Comparing range 0x28000 - 0x286FF (7 Sectors, 1 KiB), using alternative multi-block CRC calculation
T2614 360:809.605    -- All CRCs match
T2614 360:809.612    -- Comparing range 0x28800 - 0x28BFF (4 Sectors, 1024 Bytes), using alternative multi-block CRC calculation
T2614 360:811.903    -- All CRCs match
T2614 360:811.912    -- Comparing range 0x28D00 - 0x28FFF (3 Sectors, 768 Bytes), using alternative multi-block CRC calculation
T2614 360:814.258    -- All CRCs match
T2614 360:814.270    -- Comparing range 0x29200 - 0x2A4FF (19 Sectors, 4 KiB), using alternative multi-block CRC calculation
T2614 360:819.384    -- All CRCs match
T2614 360:819.409    -- Comparing range 0x2A700 - 0x2C4FF (30 Sectors, 7 KiB), using alternative multi-block CRC calculation
T2614 360:827.039    -- All CRCs match
T2614 360:827.053    -- Comparing range 0x2C600 - 0x2C6FF (1 Sector, 256 Bytes), using alternative multi-block CRC calculation
T2614 360:828.604    -- All CRCs match
T2614 360:828.622    -- Comparing range 0x2C900 - 0x2D1FF (9 Sectors, 2 KiB), using alternative multi-block CRC calculation
T2614 360:831.712    -- All CRCs match
T2614 360:831.727    -- Comparing range 0x2D300 - 0x2D4FF (2 Sectors, 512 Bytes), using alternative multi-block CRC calculation
T2614 360:833.854    -- All CRCs match
T2614 360:833.870    -- Comparing range 0x2DA00 - 0x2DBFF (2 Sectors, 512 Bytes), using alternative multi-block CRC calculation
T2614 360:836.000    -- All CRCs match
T2614 360:836.021    -- Comparing range 0x2E000 - 0x2F3FF (20 Sectors, 5 KiB), using alternative multi-block CRC calculation
T2614 360:841.645    -- All CRCs match
T2614 360:841.657    -- Comparing range 0x2F600 - 0x2FEFF (9 Sectors, 2 KiB), using alternative multi-block CRC calculation
T2614 360:844.708    -- All CRCs match
T2614 360:844.719    -- Comparing range 0x30000 - 0x312FF (19 Sectors, 4 KiB), using alternative multi-block CRC calculation
T2614 360:850.001    -- All CRCs match
T2614 360:850.012    -- Comparing range 0x31500 - 0x31AFF (6 Sectors, 1 KiB), using alternative multi-block CRC calculation
T2614 360:852.455    -- All CRCs match
T2614 360:852.463    -- Comparing range 0x31C00 - 0x31CFF (1 Sector, 256 Bytes), using alternative multi-block CRC calculation
T2614 360:854.061    -- All CRCs match
T2614 360:854.074    -- Comparing range 0x31E00 - 0x327FF (10 Sectors, 2 KiB), using alternative multi-block CRC calculation
T2614 360:857.573    -- All CRCs match
T2614 360:857.610    -- Comparing range 0x32900 - 0x32CFF (4 Sectors, 1024 Bytes), using alternative multi-block CRC calculation
T2614 360:860.055    -- All CRCs match
T2614 360:860.066    -- Comparing range 0x32E00 - 0x339FF (12 Sectors, 3 KiB), using alternative multi-block CRC calculation
T2614 360:864.017    -- All CRCs match
T2614 360:864.026    -- Comparing range 0x33B00 - 0x33BFF (1 Sector, 256 Bytes), using alternative multi-block CRC calculation
T2614 360:865.714    -- All CRCs match
T2614 360:865.733    -- Comparing range 0x33D00 - 0x341FF (5 Sectors, 1 KiB), using alternative multi-block CRC calculation
T2614 360:868.299    -- All CRCs match
T2614 360:868.311    -- Comparing range 0x34300 - 0x345FF (3 Sectors, 768 Bytes), using alternative multi-block CRC calculation
T2614 360:870.572    -- All CRCs match
T2614 360:870.579    -- Comparing range 0x34800 - 0x349FF (2 Sectors, 512 Bytes), using alternative multi-block CRC calculation
T2614 360:872.777    -- All CRCs match
T2614 360:872.783    -- Comparing range 0x34B00 - 0x34DFF (3 Sectors, 768 Bytes), using alternative multi-block CRC calculation
T2614 360:875.034    -- All CRCs match
T2614 360:875.042    -- Comparing range 0x34F00 - 0x351FF (3 Sectors, 768 Bytes), using alternative multi-block CRC calculation
T2614 360:877.240    -- All CRCs match
T2614 360:877.247    -- Comparing range 0x35300 - 0x353FF (1 Sector, 256 Bytes), using alternative multi-block CRC calculation
T2614 360:878.816    -- All CRCs match
T2614 360:878.823    -- Comparing range 0x35500 - 0x357FF (3 Sectors, 768 Bytes), using alternative multi-block CRC calculation
T2614 360:880.961    -- All CRCs match
T2614 360:880.974    -- Comparing range 0x35A00 - 0x362FF (9 Sectors, 2 KiB), using alternative multi-block CRC calculation
T2614 360:884.051    -- All CRCs match
T2614 360:884.062    -- Comparing range 0x36400 - 0x365FF (2 Sectors, 512 Bytes), using alternative multi-block CRC calculation
T2614 360:886.138    -- All CRCs match
T2614 360:886.180    -- Comparing range 0x36700 - 0x372FF (12 Sectors, 3 KiB), using alternative multi-block CRC calculation
T2614 360:890.240    -- All CRCs match
T2614 360:890.250    -- Comparing range 0x37400 - 0x378FF (5 Sectors, 1 KiB), using alternative multi-block CRC calculation
T2614 360:892.749    -- All CRCs match
T2614 360:892.756    -- Comparing range 0x37A00 - 0x383FF (10 Sectors, 2 KiB), using alternative multi-block CRC calculation
T2614 360:896.215    -- All CRCs match
T2614 360:896.222    -- Comparing range 0x38500 - 0x386FF (2 Sectors, 512 Bytes), using alternative multi-block CRC calculation
T2614 360:898.330    -- All CRCs match
T2614 360:898.344    -- Comparing range 0x38800 - 0x38AFF (3 Sectors, 768 Bytes), using alternative multi-block CRC calculation
T2614 360:900.464    -- All CRCs match
T2614 360:900.474    -- Comparing range 0x38D00 - 0x38DFF (1 Sector, 256 Bytes), using alternative multi-block CRC calculation
T2614 360:902.042    -- All CRCs match
T2614 360:902.048    -- Comparing range 0x39000 - 0x392FF (3 Sectors, 768 Bytes), using alternative multi-block CRC calculation
T2614 360:904.405    -- All CRCs match
T2614 360:904.411    -- Comparing range 0x39400 - 0x395FF (2 Sectors, 512 Bytes), using alternative multi-block CRC calculation
T2614 360:906.410    -- All CRCs match
T2614 360:906.419    -- Comparing range 0x39700 - 0x3ACFF (22 Sectors, 5 KiB), using alternative multi-block CRC calculation
T2614 360:912.127    -- All CRCs match
T2614 360:912.138    -- End of comparing flash
T2614 360:912.144    -- Start of erasing sectors
T2614 360:912.151    -- Erasing range 0x00012000 - 0x000121FF (  2 Sectors, 512 Bytes)
T2614 360:914.986    -- Erasing range 0x00019400 - 0x00019FFF ( 12 Sectors, 3 KB)
T2614 360:928.516    -- Erasing range 0x0001A100 - 0x0001A2FF (  2 Sectors, 512 Bytes)
T2614 360:931.132    -- Erasing range 0x0001AE00 - 0x0001AEFF (  1 Sector, 256 Bytes)
T2614 360:932.948    -- Erasing range 0x0001B200 - 0x0001B2FF (  1 Sector, 256 Bytes)
T2614 360:934.768    -- Erasing range 0x0001B500 - 0x0001B8FF (  4 Sectors, 1024 Bytes)
T2614 360:939.485    -- Erasing range 0x0001BA00 - 0x0001C1FF (  8 Sectors, 2 KB)
T2614 360:948.248    -- Erasing range 0x0001C300 - 0x0001C4FF (  2 Sectors, 512 Bytes)
T2614 360:951.258    -- Erasing range 0x0001C600 - 0x0001C7FF (  2 Sectors, 512 Bytes)
T2614 360:954.255    -- Erasing range 0x0001C900 - 0x0001C9FF (  1 Sector, 256 Bytes)
T2614 360:956.129    -- Erasing range 0x0001CB00 - 0x0001CCFF (  2 Sectors, 512 Bytes)
T2614 360:959.129    -- Erasing range 0x0001F200 - 0x0001F2FF (  1 Sector, 256 Bytes)
T2614 360:960.859    -- Erasing range 0x00020200 - 0x000202FF (  1 Sector, 256 Bytes)
T2614 360:962.699    -- Erasing range 0x00020600 - 0x000206FF (  1 Sector, 256 Bytes)
T2614 360:964.830    -- Erasing range 0x00020D00 - 0x00020EFF (  2 Sectors, 512 Bytes)
T2614 360:967.926    -- Erasing range 0x00021500 - 0x000216FF (  2 Sectors, 512 Bytes)
T2614 360:971.041    -- Erasing range 0x00023B00 - 0x00023BFF (  1 Sector, 256 Bytes)
T2614 360:973.381    -- Erasing range 0x00024100 - 0x000241FF (  1 Sector, 256 Bytes)
T2614 360:975.466    -- Erasing range 0x00024500 - 0x000249FF (  5 Sectors, 1 KB)
T2614 360:981.423    -- Erasing range 0x00024C00 - 0x00024DFF (  2 Sectors, 512 Bytes)
T2614 360:984.392    -- Erasing range 0x00024F00 - 0x00024FFF (  1 Sector, 256 Bytes)
T2614 360:986.269    -- Erasing range 0x00025300 - 0x000254FF (  2 Sectors, 512 Bytes)
T2614 360:989.329    -- Erasing range 0x00025800 - 0x000258FF (  1 Sector, 256 Bytes)
T2614 360:991.371    -- Erasing range 0x00025A00 - 0x00025BFF (  2 Sectors, 512 Bytes)
T2614 360:994.402    -- Erasing range 0x00026100 - 0x000263FF (  3 Sectors, 768 Bytes)
T2614 360:998.480    -- Erasing range 0x00026700 - 0x000269FF (  3 Sectors, 768 Bytes)
T2614 361:002.477    -- Erasing range 0x00026D00 - 0x00026DFF (  1 Sector, 256 Bytes)
T2614 361:004.244    -- Erasing range 0x00027100 - 0x000272FF (  2 Sectors, 512 Bytes)
T2614 361:007.113    -- Erasing range 0x00027400 - 0x000275FF (  2 Sectors, 512 Bytes)
T2614 361:010.134    -- Erasing range 0x00027700 - 0x00027BFF (  5 Sectors, 1 KB)
T2614 361:016.223    -- Erasing range 0x00027F00 - 0x00027FFF (  1 Sector, 256 Bytes)
T2614 361:018.011    -- Erasing range 0x00028700 - 0x000287FF (  1 Sector, 256 Bytes)
T2614 361:019.848    -- Erasing range 0x00028C00 - 0x00028CFF (  1 Sector, 256 Bytes)
T2614 361:021.992    -- Erasing range 0x00029000 - 0x000291FF (  2 Sectors, 512 Bytes)
T2614 361:024.889    -- Erasing range 0x0002A500 - 0x0002A6FF (  2 Sectors, 512 Bytes)
T2614 361:027.847    -- Erasing range 0x0002C500 - 0x0002C5FF (  1 Sector, 256 Bytes)
T2614 361:029.890    -- Erasing range 0x0002C700 - 0x0002C8FF (  2 Sectors, 512 Bytes)
T2614 361:032.851    -- Erasing range 0x0002D200 - 0x0002D2FF (  1 Sector, 256 Bytes)
T2614 361:035.036    -- Erasing range 0x0002D500 - 0x0002D9FF (  5 Sectors, 1 KB)
T2614 361:040.922    -- Erasing range 0x0002DC00 - 0x0002DFFF (  4 Sectors, 1024 Bytes)
T2614 361:045.661    -- Erasing range 0x0002F400 - 0x0002F5FF (  2 Sectors, 512 Bytes)
T2614 361:048.716    -- Erasing range 0x0002FF00 - 0x0002FFFF (  1 Sector, 256 Bytes)
T2614 361:050.835    -- Erasing range 0x00031300 - 0x000314FF (  2 Sectors, 512 Bytes)
T2614 361:053.839    -- Erasing range 0x00031B00 - 0x00031BFF (  1 Sector, 256 Bytes)
T2614 361:055.633    -- Erasing range 0x00031D00 - 0x00031DFF (  1 Sector, 256 Bytes)
T2614 361:057.836    -- Erasing range 0x00032800 - 0x000328FF (  1 Sector, 256 Bytes)
T2614 361:059.858    -- Erasing range 0x00032D00 - 0x00032DFF (  1 Sector, 256 Bytes)
T2614 361:062.031    -- Erasing range 0x00033A00 - 0x00033AFF (  1 Sector, 256 Bytes)
T2614 361:064.019    -- Erasing range 0x00033C00 - 0x00033CFF (  1 Sector, 256 Bytes)
T2614 361:066.123    -- Erasing range 0x00034200 - 0x000342FF (  1 Sector, 256 Bytes)
T2614 361:068.347    -- Erasing range 0x00034600 - 0x000347FF (  2 Sectors, 512 Bytes)
T2614 361:071.287    -- Erasing range 0x00034A00 - 0x00034AFF (  1 Sector, 256 Bytes)
T2614 361:073.099    -- Erasing range 0x00034E00 - 0x00034EFF (  1 Sector, 256 Bytes)
T2614 361:074.940    -- Erasing range 0x00035200 - 0x000352FF (  1 Sector, 256 Bytes)
T2614 361:076.845    -- Erasing range 0x00035400 - 0x000354FF (  1 Sector, 256 Bytes)
T2614 361:079.002    -- Erasing range 0x00035800 - 0x000359FF (  2 Sectors, 512 Bytes)
T2614 361:082.280    -- Erasing range 0x00036300 - 0x000363FF (  1 Sector, 256 Bytes)
T2614 361:084.109    -- Erasing range 0x00036600 - 0x000366FF (  1 Sector, 256 Bytes)
T2614 361:085.865    -- Erasing range 0x00037300 - 0x000373FF (  1 Sector, 256 Bytes)
T2614 361:087.694    -- Erasing range 0x00037900 - 0x000379FF (  1 Sector, 256 Bytes)
T2614 361:089.466    -- Erasing range 0x00038400 - 0x000384FF (  1 Sector, 256 Bytes)
T2614 361:091.242    -- Erasing range 0x00038700 - 0x000387FF (  1 Sector, 256 Bytes)
T2614 361:093.444    -- Erasing range 0x00038B00 - 0x00038CFF (  2 Sectors, 512 Bytes)
T2614 361:096.416    -- Erasing range 0x00038E00 - 0x00038FFF (  2 Sectors, 512 Bytes)
T2614 361:099.842    -- Erasing range 0x00039300 - 0x000393FF (  1 Sector, 256 Bytes)
T2614 361:101.888    -- Erasing range 0x00039600 - 0x000396FF (  1 Sector, 256 Bytes)
T2614 361:103.836    -- Erasing range 0x0003AD00 - 0x0003ECFF ( 64 Sectors, 16 KB)
T2614 361:165.663    -- End of erasing sectors
T2614 361:165.682    -- Start of flash programming
T2614 361:165.689    -- Programming range 0x00012000 - 0x000121FF (  2 Sectors, 512 Bytes)
T2614 361:165.717    -- Programming range 0x00019400 - 0x00019FFF ( 12 Sectors, 3 KB)
T2614 361:165.728    -- Programming range 0x0001A100 - 0x0001A2FF (  2 Sectors, 512 Bytes)
T2614 361:185.359    -- Programming range 0x0001AE00 - 0x0001AEFF (  1 Sector, 256 Bytes)
T2614 361:197.047    -- Programming range 0x0001B200 - 0x0001B2FF (  1 Sector, 256 Bytes)
T2614 361:199.644    -- Programming range 0x0001B500 - 0x0001B8FF (  4 Sectors, 1024 Bytes)
T2614 361:202.303    -- Programming range 0x0001BA00 - 0x0001C1FF (  8 Sectors, 2 KB)
T2614 361:208.662    -- Programming range 0x0001C300 - 0x0001C4FF (  2 Sectors, 512 Bytes)
T2614 361:219.948    -- Programming range 0x0001C600 - 0x0001C7FF (  2 Sectors, 512 Bytes)
T2614 361:227.751    -- Programming range 0x0001C900 - 0x0001C9FF (  1 Sector, 256 Bytes)
T2614 361:231.624    -- Programming range 0x0001CB00 - 0x0001CCFF (  2 Sectors, 512 Bytes)
T2614 361:234.321    -- Programming range 0x0001F200 - 0x0001F2FF (  1 Sector, 256 Bytes)
T2614 361:238.305    -- Programming range 0x00020200 - 0x000202FF (  1 Sector, 256 Bytes)
T2614 361:240.920    -- Programming range 0x00020600 - 0x000206FF (  1 Sector, 256 Bytes)
T2614 361:243.564    -- Programming range 0x00020D00 - 0x00020EFF (  2 Sectors, 512 Bytes)
T2614 361:246.138    -- Programming range 0x00021500 - 0x000216FF (  2 Sectors, 512 Bytes)
T2614 361:250.028    -- Programming range 0x00023B00 - 0x00023BFF (  1 Sector, 256 Bytes)
T2614 361:254.015    -- Programming range 0x00024100 - 0x000241FF (  1 Sector, 256 Bytes)
T2614 361:256.624    -- Programming range 0x00024500 - 0x000249FF (  5 Sectors, 1 KB)
T2614 361:259.301    -- Programming range 0x00024C00 - 0x00024DFF (  2 Sectors, 512 Bytes)
T2614 361:266.975    -- Programming range 0x00024F00 - 0x00024FFF (  1 Sector, 256 Bytes)
T2614 361:272.025    -- Programming range 0x00025300 - 0x000254FF (  2 Sectors, 512 Bytes)
T2614 361:275.044    -- Programming range 0x00025800 - 0x000258FF (  1 Sector, 256 Bytes)
T2614 361:279.152    -- Programming range 0x00025A00 - 0x00025BFF (  2 Sectors, 512 Bytes)
T2614 361:281.955    -- Programming range 0x00026100 - 0x000263FF (  3 Sectors, 768 Bytes)
T2614 361:285.977    -- Programming range 0x00026700 - 0x000269FF (  3 Sectors, 768 Bytes)
T2614 361:291.155    -- Programming range 0x00026D00 - 0x00026DFF (  1 Sector, 256 Bytes)
T2614 361:296.292    -- Programming range 0x00027100 - 0x000272FF (  2 Sectors, 512 Bytes)
T2614 361:299.384    -- Programming range 0x00027400 - 0x000275FF (  2 Sectors, 512 Bytes)
T2614 361:303.317    -- Programming range 0x00027700 - 0x00027BFF (  5 Sectors, 1 KB)
T2614 361:307.227    -- Programming range 0x00027F00 - 0x00027FFF (  1 Sector, 256 Bytes)
T2614 361:314.947    -- Programming range 0x00028700 - 0x000287FF (  1 Sector, 256 Bytes)
T2614 361:320.001    -- Programming range 0x00028C00 - 0x00028CFF (  1 Sector, 256 Bytes)
T2614 361:322.646    -- Programming range 0x00029000 - 0x000291FF (  2 Sectors, 512 Bytes)
T2614 361:325.332    -- Programming range 0x0002A500 - 0x0002A6FF (  2 Sectors, 512 Bytes)
T2614 361:329.208    -- Programming range 0x0002C500 - 0x0002C5FF (  1 Sector, 256 Bytes)
T2614 361:333.160    -- Programming range 0x0002C700 - 0x0002C8FF (  2 Sectors, 512 Bytes)
T2614 361:335.759    -- Programming range 0x0002D200 - 0x0002D2FF (  1 Sector, 256 Bytes)
T2614 361:339.657    -- Programming range 0x0002D500 - 0x0002D9FF (  5 Sectors, 1 KB)
T2614 361:342.324    -- Programming range 0x0002DC00 - 0x0002DFFF (  4 Sectors, 1024 Bytes)
T2614 361:349.946    -- Programming range 0x0002F400 - 0x0002F5FF (  2 Sectors, 512 Bytes)
T2614 361:356.294    -- Programming range 0x0002FF00 - 0x0002FFFF (  1 Sector, 256 Bytes)
T2614 361:360.222    -- Programming range 0x00031300 - 0x000314FF (  2 Sectors, 512 Bytes)
T2614 361:362.914    -- Programming range 0x00031B00 - 0x00031BFF (  1 Sector, 256 Bytes)
T2614 361:366.716    -- Programming range 0x00031D00 - 0x00031DFF (  1 Sector, 256 Bytes)
T2614 361:369.567    -- Programming range 0x00032800 - 0x000328FF (  1 Sector, 256 Bytes)
T2614 361:372.164    -- Programming range 0x00032D00 - 0x00032DFF (  1 Sector, 256 Bytes)
T2614 361:374.858    -- Programming range 0x00033A00 - 0x00033AFF (  1 Sector, 256 Bytes)
T2614 361:377.457    -- Programming range 0x00033C00 - 0x00033CFF (  1 Sector, 256 Bytes)
T2614 361:380.043    -- Programming range 0x00034200 - 0x000342FF (  1 Sector, 256 Bytes)
T2614 361:382.654    -- Programming range 0x00034600 - 0x000347FF (  2 Sectors, 512 Bytes)
T2614 361:385.295    -- Programming range 0x00034A00 - 0x00034AFF (  1 Sector, 256 Bytes)
T2614 361:389.263    -- Programming range 0x00034E00 - 0x00034EFF (  1 Sector, 256 Bytes)
T2614 361:391.957    -- Programming range 0x00035200 - 0x000352FF (  1 Sector, 256 Bytes)
T2614 361:394.727    -- Programming range 0x00035400 - 0x000354FF (  1 Sector, 256 Bytes)
T2614 361:397.374    -- Programming range 0x00035800 - 0x000359FF (  2 Sectors, 512 Bytes)
T2614 361:400.072    -- Programming range 0x00036300 - 0x000363FF (  1 Sector, 256 Bytes)
T2614 361:403.963    -- Programming range 0x00036600 - 0x000366FF (  1 Sector, 256 Bytes)
T2614 361:406.606    -- Programming range 0x00037300 - 0x000373FF (  1 Sector, 256 Bytes)
T2614 361:409.310    -- Programming range 0x00037900 - 0x000379FF (  1 Sector, 256 Bytes)
T2614 361:411.986    -- Programming range 0x00038400 - 0x000384FF (  1 Sector, 256 Bytes)
T2614 361:414.658    -- Programming range 0x00038700 - 0x000387FF (  1 Sector, 256 Bytes)
T2614 361:417.296    -- Programming range 0x00038B00 - 0x00038CFF (  2 Sectors, 512 Bytes)
T2614 361:419.878    -- Programming range 0x00038E00 - 0x00038FFF (  2 Sectors, 512 Bytes)
T2614 361:423.831    -- Programming range 0x00039300 - 0x000393FF (  1 Sector, 256 Bytes)
T2614 361:428.014    -- Programming range 0x00039600 - 0x000396FF (  1 Sector, 256 Bytes)
T2614 361:430.544    -- Programming range 0x0003AD00 - 0x0003ECFF ( 64 Sectors, 16 KB)
T2614 361:496.572    -- End of flash programming
T2614 361:496.594    -- 0x12000 - 0x121FF (  2 Sectors, 512 Bytes)
T2614 361:496.599    -- 0x19400 - 0x19FFF ( 12 Sectors, 3 KoB)
T2614 361:496.604    -- 0x1A100 - 0x1A2FF (  2 Sectors, 512 Bytes)
T2614 361:496.608    -- 0x1AE00 - 0x1AEFF (  1 Sector, 256 Bytes)
T2614 361:496.613    -- 0x1B200 - 0x1B2FF (  1 Sector, 256 Bytes)
T2614 361:496.618    -- 0x1B500 - 0x1B8FF (  4 Sectors, 1024 Bytes)
T2614 361:496.623    -- 0x1BA00 - 0x1C1FF (  8 Sectors, 2 KoB)
T2614 361:496.628    -- 0x1C300 - 0x1C4FF (  2 Sectors, 512 Bytes)
T2614 361:496.633    -- 0x1C600 - 0x1C7FF (  2 Sectors, 512 Bytes)
T2614 361:496.637    -- 0x1C900 - 0x1C9FF (  1 Sector, 256 Bytes)
T2614 361:496.642    -- 0x1CB00 - 0x1CCFF (  2 Sectors, 512 Bytes)
T2614 361:496.647    -- 0x1F200 - 0x1F2FF (  1 Sector, 256 Bytes)
T2614 361:496.652    -- 0x20200 - 0x202FF (  1 Sector, 256 Bytes)
T2614 361:496.656    -- 0x20600 - 0x206FF (  1 Sector, 256 Bytes)
T2614 361:496.661    -- 0x20D00 - 0x20EFF (  2 Sectors, 512 Bytes)
T2614 361:496.666    -- 0x21500 - 0x216FF (  2 Sectors, 512 Bytes)
T2614 361:496.671    -- 0x23B00 - 0x23BFF (  1 Sector, 256 Bytes)
T2614 361:496.676    -- 0x24100 - 0x241FF (  1 Sector, 256 Bytes)
T2614 361:496.680    -- 0x24500 - 0x249FF (  5 Sectors, 1 KoB)
T2614 361:496.685    -- 0x24C00 - 0x24DFF (  2 Sectors, 512 Bytes)
T2614 361:496.690    -- 0x24F00 - 0x24FFF (  1 Sector, 256 Bytes)
T2614 361:496.695    -- 0x25300 - 0x254FF (  2 Sectors, 512 Bytes)
T2614 361:496.699    -- 0x25800 - 0x258FF (  1 Sector, 256 Bytes)
T2614 361:496.704    -- 0x25A00 - 0x25BFF (  2 Sectors, 512 Bytes)
T2614 361:496.709    -- 0x26100 - 0x263FF (  3 Sectors, 768 Bytes)
T2614 361:496.713    -- 0x26700 - 0x269FF (  3 Sectors, 768 Bytes)
T2614 361:496.718    -- 0x26D00 - 0x26DFF (  1 Sector, 256 Bytes)
T2614 361:496.723    -- 0x27100 - 0x272FF (  2 Sectors, 512 Bytes)
T2614 361:496.728    -- 0x27400 - 0x275FF (  2 Sectors, 512 Bytes)
T2614 361:496.732    -- 0x27700 - 0x27BFF (  5 Sectors, 1 KoB)
T2614 361:496.742    -- 0x27F00 - 0x27FFF (  1 Sector, 256 Bytes)
T2614 361:496.747    -- 0x28700 - 0x287FF (  1 Sector, 256 Bytes)
T2614 361:496.752    -- 0x28C00 - 0x28CFF (  1 Sector, 256 Bytes)
T2614 361:496.757    -- 0x29000 - 0x291FF (  2 Sectors, 512 Bytes)
T2614 361:496.770    -- 0x2A500 - 0x2A6FF (  2 Sectors, 512 Bytes)
T2614 361:496.775    -- 0x2C500 - 0x2C5FF (  1 Sector, 256 Bytes)
T2614 361:496.779    -- 0x2C700 - 0x2C8FF (  2 Sectors, 512 Bytes)
T2614 361:496.784    -- 0x2D200 - 0x2D2FF (  1 Sector, 256 Bytes)
T2614 361:496.789    -- 0x2D500 - 0x2D9FF (  5 Sectors, 1 KoB)
T2614 361:496.794    -- 0x2DC00 - 0x2DFFF (  4 Sectors, 1024 Bytes)
T2614 361:496.798    -- 0x2F400 - 0x2F5FF (  2 Sectors, 512 Bytes)
T2614 361:496.803    -- 0x2FF00 - 0x2FFFF (  1 Sector, 256 Bytes)
T2614 361:496.808    -- 0x31300 - 0x314FF (  2 Sectors, 512 Bytes)
T2614 361:496.812    -- 0x31B00 - 0x31BFF (  1 Sector, 256 Bytes)
T2614 361:496.817    -- 0x31D00 - 0x31DFF (  1 Sector, 256 Bytes)
T2614 361:496.822    -- 0x32800 - 0x328FF (  1 Sector, 256 Bytes)
T2614 361:496.826    -- 0x32D00 - 0x32DFF (  1 Sector, 256 Bytes)
T2614 361:496.831    -- 0x33A00 - 0x33AFF (  1 Sector, 256 Bytes)
T2614 361:496.836    -- 0x33C00 - 0x33CFF (  1 Sector, 256 Bytes)
T2614 361:496.841    -- 0x34200 - 0x342FF (  1 Sector, 256 Bytes)
T2614 361:496.845    -- 0x34600 - 0x347FF (  2 Sectors, 512 Bytes)
T2614 361:496.850    -- 0x34A00 - 0x34AFF (  1 Sector, 256 Bytes)
T2614 361:496.855    -- 0x34E00 - 0x34EFF (  1 Sector, 256 Bytes)
T2614 361:496.859    -- 0x35200 - 0x352FF (  1 Sector, 256 Bytes)
T2614 361:496.864    -- 0x35400 - 0x354FF (  1 Sector, 256 Bytes)
T2614 361:496.869    -- 0x35800 - 0x359FF (  2 Sectors, 512 Bytes)
T2614 361:496.874    -- 0x36300 - 0x363FF (  1 Sector, 256 Bytes)
T2614 361:496.878    -- 0x36600 - 0x366FF (  1 Sector, 256 Bytes)
T2614 361:496.883    -- 0x37300 - 0x373FF (  1 Sector, 256 Bytes)
T2614 361:496.888    -- 0x37900 - 0x379FF (  1 Sector, 256 Bytes)
T2614 361:496.892    -- 0x38400 - 0x384FF (  1 Sector, 256 Bytes)
T2614 361:496.897    -- 0x38700 - 0x387FF (  1 Sector, 256 Bytes)
T2614 361:496.902    -- 0x38B00 - 0x38CFF (  2 Sectors, 512 Bytes)
T2614 361:496.906    -- 0x38E00 - 0x38FFF (  2 Sectors, 512 Bytes)
T2614 361:496.911    -- 0x39300 - 0x393FF (  1 Sector, 256 Bytes)
T2614 361:496.916    -- 0x39600 - 0x396FF (  1 Sector, 256 Bytes)
T2614 361:496.921    -- 0x3AD00 - 0x3ECFF ( 64 Sectors, 16 KoB)
T2614 361:496.926    -- Start of restoring
T2614 361:496.937    -- Restoring RAMCode
T2614 361:536.029    -- Restoring target memory
T2614 361:585.107    -- Restore target
T2614 361:585.123    -- Restore memory
T2614 361:585.128    -- Restoring CPU registers
T2614 361:585.142    -- End of restoring
T2614 361:585.182    -- Bank 0 @ 0x00000000: 67 ranges affected (48896 bytes)
T2614 361:585.194    -- Total: 1.117s (Prepare: 0.106s, Compare: 0.338s, Erase: 0.253s, Program & Verify: 0.367s, Restore: 0.052s)
T2614 361:585.204    -- Program & Verify speed: 130 KiB/s
T2614 361:587.946 - 1121.763ms returns 48896 (0xBF00)
T2614 361:588.409 JLINK_ResetPullsRESET(ON)
T2614 361:588.418 - 0.010ms
T2614 361:588.426 JLINK_ResetNoHalt()
T2614 361:588.692   InitTarget() start
T2614 361:588.700    J-Link Script File: Executing InitTarget()
T2614 361:588.709   InitTarget()
T2614 361:591.199   InitTarget() end
T2614 361:591.832   Found SW-DP with ID 0x0BC11477
T2614 361:594.187   DPIDR: 0x0BC11477
T2614 361:594.207   AP map detection skipped. Manually configured AP map found.
T2614 361:594.220   AP[0]: AHB-AP (IDR: Not set)
T2614 361:595.274   AP[0]: Core found
T2614 361:595.290   AP[0]: AHB-AP ROM base: 0x41003000
T2614 361:595.835   CPUID register: 0x410CC601. Implementer code: 0x41 (ARM)
T2614 361:595.847   Found Cortex-M0 r0p1, Little endian.
T2614 361:696.896   -- Max. mem block: 0x000010C8
T2614 361:696.927   CPU_ReadMem(4 bytes @ 0xE000EDF0)
T2614 361:697.351   CPU_ReadMem(4 bytes @ 0xE0002000)
T2614 361:697.862   FPUnit: 4 code (BP) slots and 0 literal slots
T2614 361:697.892   CPU_ReadMem(4 bytes @ 0xE000EDFC)
T2614 361:698.260   CPU_ReadMem(4 bytes @ 0xE0001000)
T2614 361:698.634   CoreSight components:
T2614 361:698.654   ROMTbl[0] @ 41003000
T2614 361:698.662   CPU_ReadMem(64 bytes @ 0x41003000)
T2614 361:699.539   CPU_ReadMem(32 bytes @ 0xE00FFFE0)
T2614 361:700.090   ROMTbl[0][0]: E00FF000, CID: B105100D, PID: 000BB4C0 ROM Table
T2614 361:700.110   ROMTbl[1] @ E00FF000
T2614 361:700.118   CPU_ReadMem(64 bytes @ 0xE00FF000)
T2614 361:700.911   CPU_ReadMem(32 bytes @ 0xE000EFE0)
T2614 361:701.508   ROMTbl[1][0]: E000E000, CID: B105E00D, PID: 000BB008 SCS
T2614 361:701.520   CPU_WriteMem(4 bytes @ 0xE0001000)
T2614 361:702.058   CPU_ReadMem(32 bytes @ 0xE0001FE0)
T2614 361:702.777   ROMTbl[1][1]: E0001000, CID: B105E00D, PID: 000BB00A DWT
T2614 361:702.797   CPU_ReadMem(32 bytes @ 0xE0002FE0)
T2614 361:703.393   ROMTbl[1][2]: E0002000, CID: B105E00D, PID: 000BB00B FPB
T2614 361:703.406   CPU_ReadMem(32 bytes @ 0x41006FE0)
T2614 361:704.016   ROMTbl[0][1]: 41006000, CID: B105900D, PID: 001BB932 MTB-M0+
T2614 361:704.029   JLINK_Reset()
T2614 361:704.036     CPU_ReadMem(4 bytes @ 0x20000000)
T2614 361:704.352     CPU_WriteMem(4 bytes @ 0x20000000)
T2614 361:704.869     ResetTarget() start
T2614 361:704.997      J-Link Script File: Executing ResetTarget()
T2614 361:705.311     CPU_ReadMem(4 bytes @ 0xE000EDFC)
T2614 361:705.645     CPU_WriteMem(4 bytes @ 0xE000EDFC)
T2614 361:706.064     CPU_WriteMem(4 bytes @ 0xE000ED0C)
T2614 361:708.016     CPU_ReadMem(4 bytes @ 0xE000EDF0)
T2614 361:708.422     CPU_ReadMem(4 bytes @ 0x41002100)
T2614 361:708.807     CPU_WriteMem(4 bytes @ 0xE000EDFC)
T2614 361:709.214     ResetTarget() end
T2614 361:712.670     CPU_WriteMem(4 bytes @ 0xE0002000)
T2614 361:713.112     CPU_ReadMem(4 bytes @ 0xE000EDFC)
T2614 361:713.471     CPU_ReadMem(4 bytes @ 0xE0001000)
T2614 361:713.838     CPU_WriteMem(4 bytes @ 0xE0001000)
T2614 361:714.220   - 10.196ms
T2614 361:714.230   JLINK_Go()
T2614 361:714.241     CPU_ReadMem(4 bytes @ 0xE0001000)
T2614 361:714.592     CPU_WriteMem(4 bytes @ 0xE0001000)
T2614 361:714.988     CPU_WriteMem(4 bytes @ 0xE0001004)
T2614 361:715.840   - 1.616ms
T2614 361:715.850 - 127.426ms
T45CC 361:715.972 JLINK_EMU_GetList(InterfaceMask = 0x00000001, MaxInfos = 0x00000032) 
T45CC 361:716.582   [0]: USB, S/N: 801041338
T45CC 361:716.591 - 0.620ms returns 1
T45CC 361:716.645 JLINK_EMU_GetList(InterfaceMask = 0x00000002, MaxInfos = 0x00000032) 
T45CC 361:761.932 - 45.306ms returns 0
T2614 361:761.984 JLINK_Close()
T2614 361:774.308 - 12.335ms
T2614 361:774.322   
T2614 361:774.326   Closed
