T5B68 186:463.804   SEGGER J-Link V7.52a Log File
T5B68 186:463.888   DLL Compiled: Jul 28 2021 11:08:12
T5B68 186:463.911   Logging started @ 2023-05-05 02:58
T5B68 186:463.931 - 29008.713ms
T5B68 186:468.359 JLINK_ExecCommand("Device = ATSAMD21G18A", ...). 
T5B68 186:468.685   Device "ATSAMD21G18" selected.
T5B68 186:471.621 - 3.233ms returns 0x00
T5B68 186:496.653 JLINK_TIF_Select(JLINKARM_TIF_SWD)
T5B68 186:498.024 - 1.440ms returns 0x00
T5B68 186:498.112 JLINK_SetSpeed(4000)
T5B68 186:498.371 - 0.298ms
T5B68 186:498.427 JLINK_ResetPullsRESET(OFF)
T5B68 186:498.448 - 0.030ms
T5B68 186:498.469 JLINK_Connect()
T5B68 186:498.818   InitTarget() start
T5B68 186:498.876    J-Link Script File: Executing InitTarget()
T5B68 186:499.061   InitTarget()
T5B68 186:501.966   InitTarget() end
T5B68 186:502.728   Found SW-DP with ID 0x0BC11477
T5B68 186:504.986   DPIDR: 0x0BC11477
T5B68 186:505.008   Scanning AP map to find all available APs
T5B68 186:505.676   AP[1]: Stopped AP scan as end of AP map has been reached
T5B68 186:505.696   AP[0]: AHB-AP (IDR: 0x04770031)
T5B68 186:505.712   Iterating through AP map to find AHB-AP to use
T5B68 186:506.698   AP[0]: Core found
T5B68 186:506.717   AP[0]: AHB-AP ROM base: 0x41003000
T5B68 186:507.232   CPUID register: 0x410CC601. Implementer code: 0x41 (ARM)
T5B68 186:507.252   Found Cortex-M0 r0p1, Little endian.
T5B68 186:609.446   -- Max. mem block: 0x000013E0
T5B68 186:609.823   CPU_ReadMem(4 bytes @ 0xE000EDF0)
T5B68 186:610.380   CPU_WriteMem(4 bytes @ 0xE000EDF0)
T5B68 186:610.931   CPU_ReadMem(4 bytes @ 0xE0002000)
T5B68 186:611.470   FPUnit: 4 code (BP) slots and 0 literal slots
T5B68 186:611.496   CPU_ReadMem(4 bytes @ 0xE000EDFC)
T5B68 186:612.061   CPU_WriteMem(4 bytes @ 0xE000EDFC)
T5B68 186:612.505   CPU_ReadMem(4 bytes @ 0xE0001000)
T5B68 186:612.871   CPU_WriteMem(4 bytes @ 0xE0001000)
T5B68 186:613.266   CoreSight components:
T5B68 186:613.286   ROMTbl[0] @ 41003000
T5B68 186:613.298   CPU_ReadMem(64 bytes @ 0x41003000)
T5B68 186:614.203   CPU_ReadMem(32 bytes @ 0xE00FFFE0)
T5B68 186:614.811   ROMTbl[0][0]: E00FF000, CID: B105100D, PID: 000BB4C0 ROM Table
T5B68 186:614.829   ROMTbl[1] @ E00FF000
T5B68 186:614.841   CPU_ReadMem(64 bytes @ 0xE00FF000)
T5B68 186:615.753   CPU_ReadMem(32 bytes @ 0xE000EFE0)
T5B68 186:616.304   ROMTbl[1][0]: E000E000, CID: B105E00D, PID: 000BB008 SCS
T5B68 186:616.321   CPU_ReadMem(32 bytes @ 0xE0001FE0)
T5B68 186:616.975   ROMTbl[1][1]: E0001000, CID: B105E00D, PID: 000BB00A DWT
T5B68 186:616.987   CPU_ReadMem(32 bytes @ 0xE0002FE0)
T5B68 186:617.692   ROMTbl[1][2]: E0002000, CID: B105E00D, PID: 000BB00B FPB
T5B68 186:617.710   CPU_ReadMem(32 bytes @ 0x41006FE0)
T5B68 186:618.334   ROMTbl[0][1]: 41006000, CID: B105900D, PID: 001BB932 MTB-M0+
T5B68 186:618.362 - 119.898ms returns 0x00
T5B68 186:618.443 JLINK_ExecCommand("ExcludeFlashCacheRange 0x0 - 0x40000", ...). 
T5B68 186:618.455 - 0.005ms returns 0x00
T5B68 186:618.475 JLINK_Halt()
T5B68 186:621.361 - 2.890ms returns 0x00
T5B68 186:622.475 JLINK_JTAG_GetDeviceID(DeviceIndex = 0)
T5B68 186:622.491 - 0.020ms returns 0
T5B68 186:622.501 JLINK_ReadMemU32(0x41002018, 0x1 Items)
T5B68 186:622.520   CPU_ReadMem(4 bytes @ 0x41002018)
T5B68 186:622.877   Data:  05 03 01 10
T5B68 186:622.888 - 0.391ms returns 1 (0x1)
T1D6C 186:631.355 JLINK_IsHalted()
T1D6C 186:631.892 - 0.553ms returns TRUE
T1D6C 186:631.918 JLINK_GetMOEs(...)
T1D6C 186:631.931   CPU_ReadMem(4 bytes @ 0xE000ED30)
T1D6C 186:632.365 - 0.452ms returns 0x01
T1D6C 186:632.379 JLINK_ReadReg(R15 (PC))
T1D6C 186:632.393 - 0.017ms returns 0x0000380E
T5B68 186:657.310 JLINK_BeginDownload(Flags = 0x00000000)
T5B68 186:657.340 - 0.034ms
T5B68 186:657.360 JLINK_WriteMem(0x00000000, 0xCFA4 Bytes, ...)
T5B68 186:657.372   Data:  E8 2C 00 20 45 6E 00 00 3D 6F 00 00 3D 6F 00 00 ...
T5B68 186:657.767   completely In flash
T5B68 186:657.882    -- Read from flash cache (53156 bytes @ 0x00000000)
T5B68 186:657.901 - 0.544ms returns 0xCFA4
T5B68 186:658.102 JLINK_WriteMem(0x0000CFA4, 0xA8 Bytes, ...)
T5B68 186:658.170   Data:  40 1F 00 00 08 00 00 00 07 01 00 00 30 3A 73 64 ...
T5B68 186:658.190   completely In flash
T5B68 186:658.202    -- Read from flash cache (168 bytes @ 0x0000CFA4)
T5B68 186:658.213 - 0.114ms returns 0xA8
T36E4 186:715.547 JLINK_EMU_GetList(InterfaceMask = 0x00000001, MaxInfos = 0x00000032) 
T36E4 186:716.349   [0]: USB, S/N: 801041338
T36E4 186:716.366 - 0.823ms returns 1
T36E4 186:716.438 JLINK_EMU_GetList(InterfaceMask = 0x00000002, MaxInfos = 0x00000032) 
T36E4 186:763.483 - 47.071ms returns 0
T1D6C 186:833.018 JLINK_IsHalted()
T1D6C 186:833.082 - 0.157ms returns TRUE
T5B68 186:834.784 JLINK_EndDownload()
T5B68 186:835.132   CPU_ReadMem(4 bytes @ 0x41006004)
T5B68 186:835.545   CPU_ReadMem(4 bytes @ 0xE000ED90)
T5B68 186:836.005    -- --------------------------------------
T5B68 186:836.045   Flash bank @ 0x00000000: Default: L2 verify disabled because algorithm performs L1 verify
T5B68 186:836.062    -- Start of determining dirty areas in flash cache
T5B68 186:836.194    -- End of determining dirty areas
T5B68 186:836.212    -- Start of preparing flash programming
T5B68 186:836.294    -- Calculating RAM usage
T5B68 186:836.320    -- RAM usage = 3876 Bytes
T5B68 186:836.336    -- Preserving CPU registers
T5B68 186:836.373    -- Preparing memory
T5B68 186:836.389    -- Preparing target
T5B68 186:836.406    -- Preserving target RAM temporarily used for programming
T5B68 186:861.918    -- Downloading RAMCode
T5B68 186:880.689    -- Preparing RAMCode
T5B68 186:886.966    -- Checking target RAM
T5B68 186:888.057    -- End of preparing flash programming
T5B68 186:888.214   Looking for J-Link GUI Server exe at: C:\Program Files (x86)\Atmel\Studio\7.0\atbackend\JLinkGUIServer.exe
T5B68 186:888.275   Looking for J-Link GUI Server exe at: \JLinkGUIServer.exe
T5B68 187:190.140   Failed to connect to J-Link GUI Server.
T5B68 187:210.159    -- CPU speed could not be measured.
T5B68 187:210.194    -- Start of comparing flash
T5B68 187:210.205    -- CRC check was estimated as fastest method
T5B68 187:210.220    -- Comparing range 0x0000 - 0x7FFF (128 Sectors, 32 KiB), using multi-block CRC calculation
T5B68 187:224.824    -- CRC does not match for sectors 0-127
T5B68 187:224.861    -- Comparing range 0x8000 - 0xD0FF (81 Sectors, 20 KiB), using multi-block CRC calculation
T5B68 187:235.596    -- CRC does not match for sectors 0-80
T5B68 187:235.647    -- End of comparing flash
T5B68 187:235.659    -- Start of erasing sectors
T5B68 187:235.673    -- Erasing range 0x00000000 - 0x000057FF ( 88 Sectors, 22 KB)
T5B68 187:314.653    -- End of erasing sectors
T5B68 187:314.690    -- Start of flash programming
T5B68 187:314.704    -- Programming range 0x00000000 - 0x00007FFF (128 Sectors, 32 KB)
T5B68 187:512.570    -- Programming range 0x00008000 - 0x0000D0FF ( 81 Sectors, 20 KB)
T5B68 187:648.989    -- End of flash programming
T5B68 187:649.022    -- 0x0000 - 0xD0FF (209 Sectors, 52 KoB)
T5B68 187:649.034    -- Start of restoring
T5B68 187:649.045    -- Restoring RAMCode
T5B68 187:657.644    -- Restoring target memory
T5B68 187:677.030    -- Restore target
T5B68 187:677.058    -- Restore memory
T5B68 187:677.068    -- Restoring CPU registers
T5B68 187:677.092    -- End of restoring
T5B68 187:677.162    -- Bank 0 @ 0x00000000: 1 range affected (53504 bytes)
T5B68 187:677.186    -- Total: 0.840s (Prepare: 0.373s, Compare: 0.025s, Erase: 0.079s, Program & Verify: 0.339s, Restore: 0.023s)
T5B68 187:677.204    -- Program & Verify speed: 153 KiB/s
T5B68 187:681.481 - 846.714ms returns 53504 (0xD100)
T5B68 187:681.911 JLINK_ResetPullsRESET(ON)
T5B68 187:681.932 - 0.024ms
T5B68 187:681.941 JLINK_ResetNoHalt()
T5B68 187:682.206   InitTarget() start
T5B68 187:682.228    J-Link Script File: Executing InitTarget()
T5B68 187:682.247   InitTarget()
T5B68 187:684.800   InitTarget() end
T5B68 187:685.514   Found SW-DP with ID 0x0BC11477
T5B68 187:687.847   DPIDR: 0x0BC11477
T5B68 187:687.875   AP map detection skipped. Manually configured AP map found.
T5B68 187:687.969   AP[0]: AHB-AP (IDR: Not set)
T5B68 187:688.931   AP[0]: Core found
T5B68 187:688.951   AP[0]: AHB-AP ROM base: 0x41003000
T5B68 187:689.443   CPUID register: 0x410CC601. Implementer code: 0x41 (ARM)
T5B68 187:689.462   Found Cortex-M0 r0p1, Little endian.
T5B68 187:789.968   -- Max. mem block: 0x000010C8
T5B68 187:790.012   CPU_ReadMem(4 bytes @ 0xE000EDF0)
T5B68 187:790.361   CPU_ReadMem(4 bytes @ 0xE0002000)
T5B68 187:790.744   FPUnit: 4 code (BP) slots and 0 literal slots
T5B68 187:790.757   CPU_ReadMem(4 bytes @ 0xE000EDFC)
T5B68 187:791.158   CPU_ReadMem(4 bytes @ 0xE0001000)
T5B68 187:791.517   CoreSight components:
T5B68 187:791.537   ROMTbl[0] @ 41003000
T5B68 187:791.550   CPU_ReadMem(64 bytes @ 0x41003000)
T5B68 187:792.320   CPU_ReadMem(32 bytes @ 0xE00FFFE0)
T5B68 187:792.850   ROMTbl[0][0]: E00FF000, CID: B105100D, PID: 000BB4C0 ROM Table
T5B68 187:792.868   ROMTbl[1] @ E00FF000
T5B68 187:792.880   CPU_ReadMem(64 bytes @ 0xE00FF000)
T5B68 187:793.663   CPU_ReadMem(32 bytes @ 0xE000EFE0)
T5B68 187:794.358   ROMTbl[1][0]: E000E000, CID: B105E00D, PID: 000BB008 SCS
T5B68 187:794.370   CPU_WriteMem(4 bytes @ 0xE0001000)
T5B68 187:794.863   CPU_ReadMem(32 bytes @ 0xE0001FE0)
T5B68 187:795.502   ROMTbl[1][1]: E0001000, CID: B105E00D, PID: 000BB00A DWT
T5B68 187:795.515   CPU_ReadMem(32 bytes @ 0xE0002FE0)
T5B68 187:796.206   ROMTbl[1][2]: E0002000, CID: B105E00D, PID: 000BB00B FPB
T5B68 187:796.218   CPU_ReadMem(32 bytes @ 0x41006FE0)
T5B68 187:796.873   ROMTbl[0][1]: 41006000, CID: B105900D, PID: 001BB932 MTB-M0+
T5B68 187:796.893   JLINK_Reset()
T5B68 187:796.905     CPU_ReadMem(4 bytes @ 0x20000000)
T5B68 187:797.363     CPU_WriteMem(4 bytes @ 0x20000000)
T5B68 187:797.877     ResetTarget() start
T5B68 187:797.941      J-Link Script File: Executing ResetTarget()
T5B68 187:798.292     CPU_ReadMem(4 bytes @ 0xE000EDFC)
T5B68 187:798.759     CPU_WriteMem(4 bytes @ 0xE000EDFC)
T5B68 187:799.182     CPU_WriteMem(4 bytes @ 0xE000ED0C)
T5B68 187:801.038     CPU_ReadMem(4 bytes @ 0xE000EDF0)
T5B68 187:801.512     CPU_ReadMem(4 bytes @ 0x41002100)
T5B68 187:802.022     CPU_WriteMem(4 bytes @ 0xE000EDFC)
T5B68 187:802.548     ResetTarget() end
T5B68 187:806.308     CPU_WriteMem(4 bytes @ 0xE0002000)
T5B68 187:806.843     CPU_ReadMem(4 bytes @ 0xE000EDFC)
T5B68 187:807.355     CPU_ReadMem(4 bytes @ 0xE0001000)
T5B68 187:807.832     CPU_WriteMem(4 bytes @ 0xE0001000)
T5B68 187:808.352   - 11.463ms
T5B68 187:808.363   JLINK_Go()
T5B68 187:808.378     CPU_ReadMem(4 bytes @ 0xE0001000)
T5B68 187:808.817     CPU_WriteMem(4 bytes @ 0xE0001000)
T5B68 187:809.214     CPU_WriteMem(4 bytes @ 0xE0001004)
T5B68 187:810.119   - 1.760ms
T5B68 187:810.128 - 128.190ms
T36E4 187:810.192 JLINK_EMU_GetList(InterfaceMask = 0x00000001, MaxInfos = 0x00000032) 
T36E4 187:811.079   [0]: USB, S/N: 801041338
T36E4 187:811.096 - 0.907ms returns 1
T36E4 187:811.164 JLINK_EMU_GetList(InterfaceMask = 0x00000002, MaxInfos = 0x00000032) 
T36E4 187:857.550 - 46.410ms returns 0
T5B68 187:857.724 JLINK_Close()
T5B68 187:874.616 - 16.916ms
T5B68 187:874.646   
T5B68 187:874.653   Closed
